<?xml version="1.0" encoding="UTF-8" ?>
<testsuite tests="24" failures="0" name="com.vmware.identity.openidconnect.protocol.TokenRequestTest" time="0.043" errors="0" skipped="0">
  <properties>
[...]
</properties>
  <testcase classname="com.vmware.identity.openidconnect.protocol.TokenRequestTest" name="testGssTicketGrantSerialize" time="0.009"/>
  <testcase classname="com.vmware.identity.openidconnect.protocol.TokenRequestTest" name="testSecureIdGrantSerialize" time="0.004"/>
  <testcase classname="com.vmware.identity.openidconnect.protocol.TokenRequestTest" name="testRefreshTokenGrantSerialize" time="0.001"/>
  <testcase classname="com.vmware.identity.openidconnect.protocol.TokenRequestTest" name="testPasswordGrantParseSuccess" time="0.001"/>
  <testcase classname="com.vmware.identity.openidconnect.protocol.TokenRequestTest" name="testPasswordGrantSerialize" time="0"/>
  <testcase classname="com.vmware.identity.openidconnect.protocol.TokenRequestTest" name="testClientCertGrantSerialize" time="0.002"/>
  <testcase classname="com.vmware.identity.openidconnect.protocol.TokenRequestTest" name="testAuthzCodeGrantParseSuccess" time="0.02"/>
  <testcase classname="com.vmware.identity.openidconnect.protocol.TokenRequestTest" name="testGssTicketGrantParseError" time="0.001"/>
  <testcase classname="com.vmware.identity.openidconnect.protocol.TokenRequestTest" name="testPasswordGrantParseError" time="0"/>
  <testcase classname="com.vmware.identity.openidconnect.protocol.TokenRequestTest" name="testClientCredentialsGrantSerialize" time="0.001"/>
  <testcase classname="com.vmware.identity.openidconnect.protocol.TokenRequestTest" name="testSolutionUserCredentialsGrantSerialize" time="0"/>
  <testcase classname="com.vmware.identity.openidconnect.protocol.TokenRequestTest" name="testRefreshTokenGrantParseSuccess" time="0"/>
  <testcase classname="com.vmware.identity.openidconnect.protocol.TokenRequestTest" name="testSolutionUserCredentialsGrantParseError" time="0.001"/>
  <testcase classname="com.vmware.identity.openidconnect.protocol.TokenRequestTest" name="testClientCertGrantParseSuccess" time="0.002"/>
  <testcase classname="com.vmware.identity.openidconnect.protocol.TokenRequestTest" name="testAuthzCodeGrantSerialize" time="0.001"/>
  <testcase classname="com.vmware.identity.openidconnect.protocol.TokenRequestTest" name="testRefreshTokenGrantParseError" time="0"/>
  <testcase classname="com.vmware.identity.openidconnect.protocol.TokenRequestTest" name="testClientCredentialsGrantParseSuccess" time="0"/>
  <testcase classname="com.vmware.identity.openidconnect.protocol.TokenRequestTest" name="testAuthzCodeGrantParseError" time="0"/>
  <testcase classname="com.vmware.identity.openidconnect.protocol.TokenRequestTest" name="testSecureIdGrantParseError" time="0"/>
  <testcase classname="com.vmware.identity.openidconnect.protocol.TokenRequestTest" name="testSolutionUserCredentialsGrantParseSuccess" time="0"/>
  <testcase classname="com.vmware.identity.openidconnect.protocol.TokenRequestTest" name="testSecureIdGrantParseSuccess" time="0"/>
  <testcase classname="com.vmware.identity.openidconnect.protocol.TokenRequestTest" name="testGssTicketGrantParseSuccess" time="0"/>
  <testcase classname="com.vmware.identity.openidconnect.protocol.TokenRequestTest" name="testClientCertGrantParseError" time="0"/>
  <testcase classname="com.vmware.identity.openidconnect.protocol.TokenRequestTest" name="testClientCredentialsGrantParseError" time="0"/>
</testsuite>